mode: set
avito-courier/internal/model/courier_dto.go:15.34,25.2 1 1
avito-courier/internal/model/courier_dto.go:27.36,35.2 1 1
avito-courier/internal/service/courier_service.go:29.71,31.2 1 1
avito-courier/internal/service/courier_service.go:39.86,40.13 1 1
avito-courier/internal/service/courier_service.go:40.13,42.3 1 1
avito-courier/internal/service/courier_service.go:43.2,44.16 2 1
avito-courier/internal/service/courier_service.go:44.16,46.3 1 1
avito-courier/internal/service/courier_service.go:47.2,47.15 1 1
avito-courier/internal/service/courier_service.go:50.79,52.2 1 1
avito-courier/internal/service/courier_service.go:54.78,55.110 1 1
avito-courier/internal/service/courier_service.go:55.110,57.3 1 1
avito-courier/internal/service/courier_service.go:58.2,58.28 1 1
avito-courier/internal/service/courier_service.go:58.28,60.3 1 1
avito-courier/internal/service/courier_service.go:61.2,61.46 1 1
avito-courier/internal/service/courier_service.go:61.46,63.3 1 0
avito-courier/internal/service/courier_service.go:64.2,64.12 1 1
avito-courier/internal/service/courier_service.go:67.78,68.15 1 1
avito-courier/internal/service/courier_service.go:68.15,70.3 1 1
avito-courier/internal/service/courier_service.go:72.2,72.110 1 1
avito-courier/internal/service/courier_service.go:72.110,74.3 1 0
avito-courier/internal/service/courier_service.go:75.2,75.28 1 1
avito-courier/internal/service/courier_service.go:75.28,77.3 1 0
avito-courier/internal/service/courier_service.go:78.2,78.46 1 1
avito-courier/internal/service/courier_service.go:78.46,80.3 1 0
avito-courier/internal/service/courier_service.go:81.2,81.12 1 1
avito-courier/pkg/db/db.go:15.93,20.16 3 1
avito-courier/pkg/db/db.go:20.16,22.3 1 0
avito-courier/pkg/db/db.go:23.2,24.16 2 1
avito-courier/pkg/db/db.go:24.16,26.3 1 0
avito-courier/pkg/db/db.go:27.2,28.16 2 1
avito-courier/pkg/db/db.go:28.16,30.3 1 0
avito-courier/pkg/db/db.go:31.2,32.16 2 1
avito-courier/pkg/db/db.go:32.16,34.3 1 0
avito-courier/pkg/db/db.go:35.2,36.18 2 1
avito-courier/pkg/db/db.go:36.18,38.3 1 0
avito-courier/pkg/db/db.go:40.2,44.16 4 1
avito-courier/pkg/db/db.go:44.16,46.3 1 1
avito-courier/pkg/db/db.go:46.8,49.3 1 0
avito-courier/pkg/db/db.go:51.2,51.22 1 1
avito-courier/pkg/db/db.go:51.22,53.3 1 0
avito-courier/pkg/db/db.go:54.2,54.23 1 1
avito-courier/pkg/db/db.go:54.23,56.3 1 1
avito-courier/pkg/db/db.go:57.2,57.29 1 1
avito-courier/pkg/db/db.go:57.29,59.3 1 0
avito-courier/pkg/db/db.go:61.2,62.16 2 1
avito-courier/pkg/db/db.go:62.16,64.3 1 0
avito-courier/pkg/db/db.go:66.2,67.19 2 1
avito-courier/pkg/db/db.go:67.19,69.3 1 0
avito-courier/pkg/db/db.go:70.2,71.32 2 1
avito-courier/pkg/db/db.go:71.32,75.21 4 1
avito-courier/pkg/db/db.go:75.21,78.4 2 0
avito-courier/pkg/db/db.go:79.3,81.20 3 1
avito-courier/pkg/db/db.go:84.2,85.21 2 1
avito-courier/pkg/db/db.go:99.37,102.45 3 1
avito-courier/pkg/db/db.go:102.45,103.44 1 1
avito-courier/pkg/db/db.go:103.44,105.4 1 1
avito-courier/pkg/db/db.go:107.2,108.45 2 1
avito-courier/pkg/db/db.go:108.45,109.44 1 1
avito-courier/pkg/db/db.go:109.44,111.4 1 1
avito-courier/pkg/db/db.go:113.2,114.53 2 1
avito-courier/pkg/db/db.go:114.53,115.50 1 1
avito-courier/pkg/db/db.go:115.50,117.4 1 1
avito-courier/pkg/db/db.go:120.2,129.3 1 1
avito-courier/internal/handler/courier_handler.go:17.66,19.2 1 1
avito-courier/internal/handler/courier_handler.go:21.73,22.32 1 1
avito-courier/internal/handler/courier_handler.go:22.32,25.3 2 1
avito-courier/internal/handler/courier_handler.go:27.2,28.16 2 1
avito-courier/internal/handler/courier_handler.go:28.16,31.3 2 0
avito-courier/internal/handler/courier_handler.go:33.2,34.25 2 1
avito-courier/internal/handler/courier_handler.go:34.25,36.3 1 1
avito-courier/internal/handler/courier_handler.go:38.2,39.36 2 1
avito-courier/internal/handler/courier_handler.go:42.74,43.32 1 1
avito-courier/internal/handler/courier_handler.go:43.32,46.3 2 0
avito-courier/internal/handler/courier_handler.go:47.2,49.27 3 1
avito-courier/internal/handler/courier_handler.go:49.27,52.3 2 1
avito-courier/internal/handler/courier_handler.go:53.2,54.16 2 1
avito-courier/internal/handler/courier_handler.go:54.16,55.33 1 1
avito-courier/internal/handler/courier_handler.go:55.33,58.4 2 1
avito-courier/internal/handler/courier_handler.go:59.3,60.9 2 0
avito-courier/internal/handler/courier_handler.go:62.2,63.47 2 1
avito-courier/internal/handler/courier_handler.go:66.73,67.33 1 1
avito-courier/internal/handler/courier_handler.go:67.33,70.3 2 0
avito-courier/internal/handler/courier_handler.go:71.2,72.61 2 1
avito-courier/internal/handler/courier_handler.go:72.61,75.3 2 1
avito-courier/internal/handler/courier_handler.go:76.2,77.58 2 1
avito-courier/internal/handler/courier_handler.go:77.58,78.33 1 1
avito-courier/internal/handler/courier_handler.go:78.33,81.4 2 1
avito-courier/internal/handler/courier_handler.go:82.3,82.33 1 0
avito-courier/internal/handler/courier_handler.go:82.33,85.4 2 0
avito-courier/internal/handler/courier_handler.go:86.3,87.9 2 0
avito-courier/internal/handler/courier_handler.go:90.2,92.47 3 1
avito-courier/internal/handler/courier_handler.go:95.73,96.32 1 1
avito-courier/internal/handler/courier_handler.go:96.32,99.3 2 0
avito-courier/internal/handler/courier_handler.go:100.2,101.61 2 1
avito-courier/internal/handler/courier_handler.go:101.61,104.3 2 0
avito-courier/internal/handler/courier_handler.go:105.2,106.58 2 1
avito-courier/internal/handler/courier_handler.go:106.58,107.33 1 0
avito-courier/internal/handler/courier_handler.go:107.33,110.4 2 0
avito-courier/internal/handler/courier_handler.go:111.3,111.33 1 0
avito-courier/internal/handler/courier_handler.go:111.33,114.4 2 0
avito-courier/internal/handler/courier_handler.go:115.3,115.33 1 0
avito-courier/internal/handler/courier_handler.go:115.33,118.4 2 0
avito-courier/internal/handler/courier_handler.go:119.3,120.9 2 0
avito-courier/internal/handler/courier_handler.go:122.2,123.47 2 1
avito-courier/internal/handler/delivery_handler.go:17.70,19.2 1 1
avito-courier/internal/handler/delivery_handler.go:32.74,33.33 1 1
avito-courier/internal/handler/delivery_handler.go:33.33,36.3 2 0
avito-courier/internal/handler/delivery_handler.go:37.2,38.82 2 1
avito-courier/internal/handler/delivery_handler.go:38.82,41.3 2 1
avito-courier/internal/handler/delivery_handler.go:42.2,43.16 2 1
avito-courier/internal/handler/delivery_handler.go:43.16,44.43 1 1
avito-courier/internal/handler/delivery_handler.go:44.43,47.4 2 1
avito-courier/internal/handler/delivery_handler.go:48.3,49.9 2 0
avito-courier/internal/handler/delivery_handler.go:51.2,58.37 3 1
avito-courier/internal/handler/delivery_handler.go:71.76,72.33 1 1
avito-courier/internal/handler/delivery_handler.go:72.33,75.3 2 0
avito-courier/internal/handler/delivery_handler.go:76.2,77.82 2 1
avito-courier/internal/handler/delivery_handler.go:77.82,80.3 2 0
avito-courier/internal/handler/delivery_handler.go:81.2,82.16 2 1
avito-courier/internal/handler/delivery_handler.go:82.16,83.77 1 1
avito-courier/internal/handler/delivery_handler.go:83.77,86.4 2 1
avito-courier/internal/handler/delivery_handler.go:87.3,88.9 2 0
avito-courier/internal/handler/delivery_handler.go:90.2,92.37 3 1
